jackson-annotations-2.14.0.jar
jackson-core-2.14.0.jar
jackson-databind-2.14.0.jar
failureaccess-1.0.1.jar
guava-31.1-jre.jar
xdocore-12.2.1.4.jar
xdoparser11g-11.1.0.7.0.jar
jakarta.mail-1.6.7.jar
commons-codec-1.15.jar
commons-io-2.11.0.jar
commons-logging-1.2-1b97e70.jar
jakarta.xml.bind-api-2.3.3.jar
javax.inject-1.jar
jna-platform-5.10.0.jar
jna-5.10.0.jar
dtv-crypto-convert.jar
dtv-crypto-encrypt.jar
dtv-crypto-generate.jar
dtv-util.jar
dtv-version.jar
commons-collections4-4.4-83acfd3.jar
commons-configuration2-2.8.0.jar
commons-lang3-3.12.0.jar
commons-text-1.10.0.jar
log4j-1.2-api-2.17.2.jar
log4j-core-2.17.2.jar
log4j-jcl-2.17.2.jar
log4j-jul-2.17.2.jar
spring-beans-5.3.23.jar
spring-context-support-5.3.23.jar
spring-context-5.3.23.jar
spring-core-5.3.23.jar
spring-expression-5.3.23.jar
spring-web-5.3.23.jar
log4j-api-2.17.2.jar