APGJposService-1.7.1.jar
bixolon-common-1.9.4.jar
bixolon-portmng-1.9.3.3.jar
bixolon-portwin-1.7.jar
bixolon-service-2.4.0.jar
dpjavapos-2.3.1.jar
dpuareu-2.3.1.jar
jackson-annotations-2.14.0.jar
jackson-core-2.14.0.jar
jackson-databind-2.14.0.jar
jackson-jaxrs-base-2.14.0.jar
jackson-jaxrs-json-provider-2.14.0.jar
jackson-module-jaxb-annotations-2.14.0.jar
failureaccess-1.0.1.jar
guava-31.1-jre.jar
zxing-3.4.1.jar
scannerjpos-1.13.jar
icu4j-charset-70.1.jar
icu4j-70.1.jar
nimbus-jose-jwt-9.20.jar
xdocore-12.2.1.4.jar
xdoparser11g-11.1.0.7.0.jar
coherence-14.1.1-0-11.jar
ojdbc8-19.15.0.0.jar
ucp-19.15.0.0.jar
jaxws-wlswss-client-14.1.1.0.jar
jakarta.activation-1.2.2.jar
jakarta.mail-1.6.7.jar
collection-setter-injector-1.0.jar
jaxb-impl-2.3.3.jar
saaj-impl-1.5.2.jar
streambuffer-1.5.9.jar
jaxws-rt-2.3.3.jar
policy-2.7.10.jar
servlet-2.3.3.jar
JposLogger-3.06.0022-windows_64.jar
JposServiceJniScanner-3.06.0022-windows_64.jar
JposServiceOnScanner-3.06.0022-windows_64.jar
JposServiceScanner-3.06.0022-windows_64.jar
commons-beanutils-1.9.4.jar
commons-codec-1.15.jar
commons-io-2.11.0.jar
commons-logging-1.2-1b97e70.jar
swagger-annotations-2.1.10.jar
jakarta.activation-api-1.2.2.jar
jakarta.annotation-api-1.3.5.jar
jakarta.jws-api-2.1.0.jar
jakarta.xml.bind-api-2.3.3.jar
jakarta.xml.soap-api-1.4.2.jar
jakarta.xml.ws-api-2.3.3.jar
javax.annotation-api-1.2.jar
javax.inject-1.jar
javax.servlet-api-3.1.0.jar
javax.websocket-api-1.0.jar
javax.ws.rs-api-2.1.1.jar
epsonjpos-1.14.6.jar
jna-platform-5.10.0.jar
jna-5.10.0.jar
dtv-barcode.jar
dtv-bitmap.jar
dtv-cheetah.jar
config-objects.jar
dtv-data2.jar
dtv-dtx.jar
dtv-event.jar
hardware-service.jar
dtv-hardware.jar
dtv-i18n.jar
dtv-ipc.jar
dtv-jmxutil.jar
dtv-password.jar
dtv-pricing2.jar
dtv-scope.jar
dtv-service.jar
dtv-util-measurement.jar
dtv-util-net.jar
dtv-util-sequence.jar
dtv-util.jar
dtv-version.jar
dtv-xstoregwt-util.jar
commons-collections4-4.4-83acfd3.jar
commons-configuration2-2.8.0.jar
commons-csv-1.9.0.jar
commons-lang3-3.12.0.jar
commons-text-1.10.0.jar
log4j-1.2-api-2.17.2.jar
log4j-core-2.17.2.jar
log4j-jcl-2.17.2.jar
log4j-jul-2.17.2.jar
log4j-slf4j-impl-2.17.2.jar
javax.security.auth.message-1.0.0.v201108011116.jar
jetty-schemas-3.1.M0.jar
javax-websocket-client-impl-9.4.48.v20220622.jar
javax-websocket-server-impl-9.4.48.v20220622.jar
websocket-api-9.4.48.v20220622.jar
websocket-client-9.4.48.v20220622.jar
websocket-common-9.4.48.v20220622.jar
websocket-server-9.4.48.v20220622.jar
websocket-servlet-9.4.48.v20220622.jar
jetty-annotations-9.4.48.v20220622.jar
jetty-client-9.4.48.v20220622.jar
jetty-continuation-9.4.48.v20220622.jar
jetty-deploy-9.4.48.v20220622.jar
jetty-http-9.4.48.v20220622.jar
jetty-io-9.4.48.v20220622.jar
jetty-jaas-9.4.48.v20220622.jar
jetty-jmx-9.4.48.v20220622.jar
jetty-jndi-9.4.48.v20220622.jar
jetty-plus-9.4.48.v20220622.jar
jetty-proxy-9.4.48.v20220622.jar
jetty-rewrite-9.4.48.v20220622.jar
jetty-security-9.4.48.v20220622.jar
jetty-server-9.4.48.v20220622.jar
jetty-servlet-9.4.48.v20220622.jar
jetty-servlets-9.4.48.v20220622.jar
jetty-start-9.4.48.v20220622.jar
jetty-util-9.4.48.v20220622.jar
jetty-webapp-9.4.48.v20220622.jar
jetty-xml-9.4.48.v20220622.jar
management-api-3.2.2.jar
gmbal-4.0.1.jar
ha-api-3.1.12.jar
hk2-api-2.5.0-b61.jar
hk2-locator-2.5.0-b61.jar
utils-2.5.0-b61.jar
jersey-client-2.35.jar
jersey-common-2.35.jar
jersey-server-2.35.jar
jersey-entity-filtering-2.35.jar
jersey-media-jaxb-2.35.jar
jersey-media-json-jackson-2.35.jar
javapos-1.14.3.jar
jbars-02-09-2006.jar
mimepull-1.9.13.jar
stax-ex-1.8.3.jar
asm-9.2.jar
rxtxcomm-2.1-7r2.jar
slf4j-api-1.7.36.jar
spring-aop-5.3.23.jar
spring-beans-5.3.23.jar
spring-context-support-5.3.23.jar
spring-context-5.3.23.jar
spring-core-5.3.23.jar
spring-expression-5.3.23.jar
spring-web-5.3.23.jar
wrapper-3.5.48.jar
log4j-api-2.17.2.jar