DJNativeSwing-SWT-1.0.3.jar
DJNativeSwing-1.0.3.jar
APGJposService-1.7.1.jar
bixolon-common-1.9.4.jar
bixolon-portmng-1.9.3.3.jar
bixolon-portwin-1.7.jar
bixolon-service-2.4.0.jar
dpjavapos-2.3.1.jar
dpuareu-2.3.1.jar
jackson-annotations-2.14.0.jar
jackson-core-2.14.0.jar
jackson-databind-2.14.0.jar
jackson-jaxrs-base-2.14.0.jar
jackson-jaxrs-json-provider-2.14.0.jar
jackson-module-jaxb-annotations-2.14.0.jar
dozer-core-6.5.2.jar
failureaccess-1.0.1.jar
guava-31.1-jre.jar
gwt-servlet-2.10.0.jar
guice-assistedinject-5.1.0.jar
guice-5.1.0.jar
zxing-3.4.1.jar
scannerjpos-1.13.jar
icu4j-charset-70.1.jar
icu4j-70.1.jar
mssql-jdbc-9.4.1.jre11.jar
nimbus-jose-jwt-9.20.jar
dvt-jclient-12.2.1.4.jar
dvt-utils-12.2.1.4.jar
i18nAPI_v3-12.2.1.4.jar
orai18n-collation-12.2.1.4.jar
orai18n-12.2.1.4.jar
share-12.2.1.4.jar
versioninfo-12.2.1.4.jar
xdocore-12.2.1.4.jar
xdoparser11g-11.1.0.7.0.jar
coherence-14.1.1-0-11.jar
ojdbc8-19.15.0.0.jar
ucp-19.15.0.0.jar
eftlink-22.0.0.69.jar
jaxws-wlswss-client-14.1.1.0.jar
jakarta.activation-1.2.2.jar
jakarta.mail-1.6.7.jar
collection-setter-injector-1.0.jar
jaxb-impl-2.3.3.jar
saaj-impl-1.5.2.jar
streambuffer-1.5.9.jar
jaxws-rt-2.3.3.jar
policy-2.7.10.jar
servlet-2.3.3.jar
xstream-1.4.19.jar
JposLogger-3.06.0022-windows_64.jar
JposServiceJniScanner-3.06.0022-windows_64.jar
JposServiceOnScanner-3.06.0022-windows_64.jar
JposServiceScanner-3.06.0022-windows_64.jar
commons-beanutils-1.9.4.jar
commons-codec-1.15.jar
commons-io-2.11.0.jar
commons-logging-1.2-1b97e70.jar
gin-3.0.0.jar
swagger-annotations-2.1.10.jar
jakarta.activation-api-1.2.2.jar
jakarta.annotation-api-1.3.5.jar
jakarta.jws-api-2.1.0.jar
jakarta.xml.bind-api-2.3.3.jar
jakarta.xml.soap-api-1.4.2.jar
jakarta.xml.ws-api-2.3.3.jar
javax.annotation-api-1.2.jar
javax.el-api-3.0.0.jar
javax.inject-1.jar
javax.servlet-api-3.1.0.jar
jta-1.1.jar
validation-api-2.0.1.Final.jar
javax.websocket-api-1.0.jar
javax.ws.rs-api-2.1.1.jar
epsonjpos-1.14.6.jar
jna-platform-5.10.0.jar
jna-5.10.0.jar
retail-public-payload-java-beans-base-16.0.030.jar
retail-public-payload-java-beans-16.0.030.jar
ItemInformationServiceServiceConsumer-16.0.0.jar
ShoppingCartServiceServiceConsumer-16.0.0.jar
TargetedItemsServiceServiceConsumer-16.0.0.jar
POSTransactionServiceServiceConsumer-16.0.2.jar
StoreInventoryServiceServiceConsumer-16.0.2.jar
StoreInventoryUinServiceServiceConsumer-16.0.2.jar
arial-unicode-ms-1.10.jar
oracle-sans-cd-1.001.jar
oracle-sans-1.002.jar
dtv-auth-core.jar
dtv-auth-impl.jar
dtv-auth-sv.jar
dtv-authentication-idcs.jar
dtv-avs-qas.jar
dtv-avs.jar
dtv-barcode.jar
dtv-bitmap.jar
dtv-cheetah.jar
config-objects.jar
config-service-discounts.jar
config-service-items.jar
config-service-prices.jar
config-service-taxes.jar
config-service-tenders.jar
config-shared.jar
config.jar
dtv-countrypack.jar
dtv-xst-crm-relate.jar
dtv-xst-crm.jar
dtv-data2.jar
dtv-deployment-objects.jar
dtv-dtx-cleandto.jar
dtv-dtx-cleandtomapper.jar
dtv-dtx.jar
dtv-email-rcpt.jar
dtv-event.jar
dtv-xst-opera.jar
dtv-hardware.jar
dtv-i18n.jar
dtv-inv-sim.jar
dtv-inv.jar
dtv-ipc.jar
dtv-itm-rxm.jar
dtv-itm.jar
dtv-jmxutil.jar
dtv-jna.jar
dtv-password.jar
dtv-pos-protected.jar
pos.jar
dtv-posframework.jar
dtv-pricing2.jar
dtv-scope.jar
dtv-service-discounts.jar
dtv-service-dist.jar
dtv-service-items.jar
dtv-service-prices.jar
dtv-service-taxes.jar
dtv-service-tenders.jar
dtv-service.jar
dtv-ui-graphics.jar
dtv-upgrader.jar
dtv-util-gs1-databar.jar
dtv-util-measurement.jar
dtv-util-net.jar
dtv-util-sequence.jar
dtv-util.jar
dtv-version.jar
dtv-xst-xom-locate.jar
dtv-xst-xom.jar
dtv-xstoregwt-util.jar
promote-offline-23.0-23.0.101.0.10.jar
commons-collections4-4.4-83acfd3.jar
commons-configuration2-2.8.0.jar
commons-csv-1.9.0.jar
commons-lang3-3.12.0.jar
commons-pool2-2.11.1.jar
commons-text-1.10.0.jar
log4j-1.2-api-2.17.2.jar
log4j-core-2.17.2.jar
log4j-jcl-2.17.2.jar
log4j-jul-2.17.2.jar
log4j-slf4j-impl-2.17.2.jar
fontbox-2.0.25.jar
pdfbox-2.0.25.jar
velocity-engine-core-2.3.jar
javax.security.auth.message-1.0.0.v201108011116.jar
jetty-schemas-3.1.M0.jar
javax-websocket-client-impl-9.4.48.v20220622.jar
javax-websocket-server-impl-9.4.48.v20220622.jar
websocket-api-9.4.48.v20220622.jar
websocket-client-9.4.48.v20220622.jar
websocket-common-9.4.48.v20220622.jar
websocket-server-9.4.48.v20220622.jar
websocket-servlet-9.4.48.v20220622.jar
jetty-annotations-9.4.48.v20220622.jar
jetty-client-9.4.48.v20220622.jar
jetty-continuation-9.4.48.v20220622.jar
jetty-deploy-9.4.48.v20220622.jar
jetty-http-9.4.48.v20220622.jar
jetty-io-9.4.48.v20220622.jar
jetty-jaas-9.4.48.v20220622.jar
jetty-jmx-9.4.48.v20220622.jar
jetty-jndi-9.4.48.v20220622.jar
jetty-plus-9.4.48.v20220622.jar
jetty-proxy-9.4.48.v20220622.jar
jetty-rewrite-9.4.48.v20220622.jar
jetty-security-9.4.48.v20220622.jar
jetty-server-9.4.48.v20220622.jar
jetty-servlet-9.4.48.v20220622.jar
jetty-servlets-9.4.48.v20220622.jar
jetty-start-9.4.48.v20220622.jar
jetty-util-9.4.48.v20220622.jar
jetty-webapp-9.4.48.v20220622.jar
jetty-xml-9.4.48.v20220622.jar
swt-4.9-linux_64.jar
swt-4.9-windows_64.jar
management-api-3.2.2.jar
gmbal-4.0.1.jar
ha-api-3.1.12.jar
hk2-api-2.5.0-b61.jar
hk2-locator-2.5.0-b61.jar
osgi-resource-locator-2.5.0-b42.jar
spring-bridge-2.5.0-b61.jar
utils-2.5.0-b61.jar
jersey-container-servlet-core-2.35.jar
jersey-client-2.35.jar
jersey-common-2.35.jar
jersey-server-2.35.jar
jersey-entity-filtering-2.35.jar
jersey-proxy-client-2.35.jar
jersey-spring5-2.35.jar
jersey-hk2-2.35.jar
jersey-media-jaxb-2.35.jar
jersey-media-json-jackson-2.35.jar
javax.el-2.2.4.jar
javapos-1.14.3.jar
jbars-02-09-2006.jar
jfreechart-1.5.3.jar
mimepull-1.9.13.jar
stax-ex-1.8.3.jar
objenesis-3.0.1.jar
osgi.core-7.0.0.jar
asm-9.2.jar
trident-1.5.00.jar
quartz-2.3.2.jar
rxtxcomm-2.1-7r2.jar
slf4j-api-1.7.36.jar
spring-aop-5.3.23.jar
spring-beans-5.3.23.jar
spring-context-support-5.3.23.jar
spring-context-5.3.23.jar
spring-core-5.3.23.jar
spring-expression-5.3.23.jar
spring-tx-5.3.23.jar
spring-web-5.3.23.jar
wrapper-3.5.48.jar
log4j-api-2.17.2.jar