2022-05-12 01:05:52,540  INFO [startup] Replication datasource is: Replication
2022-05-12 01:06:22,611  INFO [Replication Processor] Event Queue Size: 0
2022-05-12 01:06:22,827  INFO [Replication Processor] Publishing 38 records to the event queue (StorePrimary->Xcenter).
2022-05-12 01:06:22,852  INFO [Replication Processor] Event Queue Size: 37
2022-05-12 01:06:22,857  INFO [Replication Processor] Data not replicated because datasource: Xcenter is disabled. Replication trans id: -15680002611651862019125-1879007427756352889
2022-05-12 01:06:22,866  INFO [Replication Processor] Event Queue Size: 36
2022-05-12 01:06:22,866  INFO [Replication Processor] Data not replicated because datasource: Xcenter is disabled. Replication trans id: 101707976016518620305488969736607301230037
2022-05-12 01:06:22,869  INFO [Replication Processor] Event Queue Size: 35
2022-05-12 01:06:22,869  INFO [Replication Processor] Data not replicated because datasource: Xcenter is disabled. Replication trans id: -15258971916518620306428969736607301230038
2022-05-12 01:06:22,872  INFO [Replication Processor] Event Queue Size: 34
2022-05-12 01:06:22,872  INFO [Replication Processor] Data not replicated because datasource: Xcenter is disabled. Replication trans id: -15258971916518620306538969736607301230039
2022-05-12 01:06:22,875  INFO [Replication Processor] Event Queue Size: 33
2022-05-12 01:06:22,875  INFO [Replication Processor] Data not replicated because datasource: Xcenter is disabled. Replication trans id: -52344378816518620446098969736607301230040
2022-05-12 01:06:22,877  INFO [Replication Processor] Event Queue Size: 32
2022-05-12 01:06:22,877  INFO [Replication Processor] Data not replicated because datasource: Xcenter is disabled. Replication trans id: -30406018216518620464538969736607301230041
2022-05-12 01:06:22,879  INFO [Replication Processor] Event Queue Size: 31
2022-05-12 01:06:22,880  INFO [Replication Processor] Data not replicated because datasource: Xcenter is disabled. Replication trans id: 129133269616518620464768969736607301230042
2022-05-12 01:06:22,882  INFO [Replication Processor] Event Queue Size: 30
2022-05-12 01:06:22,882  INFO [Replication Processor] Data not replicated because datasource: Xcenter is disabled. Replication trans id: 52942582916518620464898969736607301230043
2022-05-12 01:06:22,884  INFO [Replication Processor] Event Queue Size: 29
2022-05-12 01:06:22,884  INFO [Replication Processor] Data not replicated because datasource: Xcenter is disabled. Replication trans id: -124383121816518620466128969736607301230044
2022-05-12 01:06:22,886  INFO [Replication Processor] Event Queue Size: 28
2022-05-12 01:06:22,886  INFO [Replication Processor] Data not replicated because datasource: Xcenter is disabled. Replication trans id: -30406018116518620495918969736607301230045
2022-05-12 01:06:22,889  INFO [Replication Processor] Event Queue Size: 27
2022-05-12 01:06:22,889  INFO [Replication Processor] Data not replicated because datasource: Xcenter is disabled. Replication trans id: 129133269716518620496388969736607301230046
2022-05-12 01:06:22,891  INFO [Replication Processor] Event Queue Size: 26
2022-05-12 01:06:22,891  INFO [Replication Processor] Data not replicated because datasource: Xcenter is disabled. Replication trans id: -30406018016518620496528969736607301230047
2022-05-12 01:06:22,892  INFO [Replication Processor] Event Queue Size: 25
2022-05-12 01:06:22,893  INFO [Replication Processor] Data not replicated because datasource: Xcenter is disabled. Replication trans id: 129133269816518620496928969736607301230048
2022-05-12 01:06:22,895  INFO [Replication Processor] Event Queue Size: 24
2022-05-12 01:06:22,895  INFO [Replication Processor] Data not replicated because datasource: Xcenter is disabled. Replication trans id: -30406017916518620610078969736607301230049
2022-05-12 01:06:22,898  INFO [Replication Processor] Event Queue Size: 23
2022-05-12 01:06:22,898  INFO [Replication Processor] Data not replicated because datasource: Xcenter is disabled. Replication trans id: 129133269916518620610978969736607301230050
2022-05-12 01:06:22,900  INFO [Replication Processor] Event Queue Size: 22
2022-05-12 01:06:22,901  INFO [Replication Processor] Data not replicated because datasource: Xcenter is disabled. Replication trans id: 70504857416518620611118969736607301230051
2022-05-12 01:06:22,903  INFO [Replication Processor] Event Queue Size: 21
2022-05-12 01:06:22,903  INFO [Replication Processor] Data not replicated because datasource: Xcenter is disabled. Replication trans id: -30406017816518620611258969736607301230052
2022-05-12 01:06:22,905  INFO [Replication Processor] Event Queue Size: 20
2022-05-12 01:06:22,905  INFO [Replication Processor] Data not replicated because datasource: Xcenter is disabled. Replication trans id: 129133270016518620611328969736607301230053
2022-05-12 01:06:22,907  INFO [Replication Processor] Event Queue Size: 19
2022-05-12 01:06:22,907  INFO [Replication Processor] Data not replicated because datasource: Xcenter is disabled. Replication trans id: 28836642416518620611398969736607301230054
2022-05-12 01:06:22,909  INFO [Replication Processor] Event Queue Size: 18
2022-05-12 01:06:22,909  INFO [Replication Processor] Data not replicated because datasource: Xcenter is disabled. Replication trans id: 49140872216518620611828969736607301230055
2022-05-12 01:06:22,911  INFO [Replication Processor] Event Queue Size: 17
2022-05-12 01:06:22,911  INFO [Replication Processor] Data not replicated because datasource: Xcenter is disabled. Replication trans id: 10170797601651863601180-559790893617789870
2022-05-12 01:06:22,914  INFO [Replication Processor] Event Queue Size: 16
2022-05-12 01:06:22,914  INFO [Replication Processor] Data not replicated because datasource: Xcenter is disabled. Replication trans id: -1525897191651863601257-559790893617789869
2022-05-12 01:06:22,916  INFO [Replication Processor] Event Queue Size: 15
2022-05-12 01:06:22,916  INFO [Replication Processor] Data not replicated because datasource: Xcenter is disabled. Replication trans id: -1525897191651863601268-559790893617789868
2022-05-12 01:06:22,918  INFO [Replication Processor] Event Queue Size: 14
2022-05-12 01:06:22,918  INFO [Replication Processor] Data not replicated because datasource: Xcenter is disabled. Replication trans id: -4857361951651863614335-559790893617789867
2022-05-12 01:06:22,921  INFO [Replication Processor] Event Queue Size: 13
2022-05-12 01:06:22,921  INFO [Replication Processor] Data not replicated because datasource: Xcenter is disabled. Replication trans id: -3040601771651863614411-559790893617789866
2022-05-12 01:06:22,924  INFO [Replication Processor] Event Queue Size: 12
2022-05-12 01:06:22,924  INFO [Replication Processor] Data not replicated because datasource: Xcenter is disabled. Replication trans id: 12913327011651863614460-559790893617789865
2022-05-12 01:06:22,926  INFO [Replication Processor] Event Queue Size: 11
2022-05-12 01:06:22,926  INFO [Replication Processor] Data not replicated because datasource: Xcenter is disabled. Replication trans id: 5317804111651863614518-559790893617789862
2022-05-12 01:06:22,928  INFO [Replication Processor] Event Queue Size: 10
2022-05-12 01:06:22,928  INFO [Replication Processor] Data not replicated because datasource: Xcenter is disabled. Replication trans id: -1525897191651863624742-559790893617789861
2022-05-12 01:06:22,930  INFO [Replication Processor] Event Queue Size: 9
2022-05-12 01:06:22,930  INFO [Replication Processor] Data not replicated because datasource: Xcenter is disabled. Replication trans id: -15258971916518939217022132636063390281960
2022-05-12 01:06:22,932  INFO [Replication Processor] Event Queue Size: 8
2022-05-12 01:06:22,932  INFO [Replication Processor] Data not replicated because datasource: Xcenter is disabled. Replication trans id: 101707976016518939272842132636063390281961
2022-05-12 01:06:22,934  INFO [Replication Processor] Event Queue Size: 7
2022-05-12 01:06:22,935  INFO [Replication Processor] Data not replicated because datasource: Xcenter is disabled. Replication trans id: -15258971916518939273552132636063390281962
2022-05-12 01:06:22,937  INFO [Replication Processor] Event Queue Size: 6
2022-05-12 01:06:22,938  INFO [Replication Processor] Data not replicated because datasource: Xcenter is disabled. Replication trans id: -15258971916518939273632132636063390281963
2022-05-12 01:06:22,940  INFO [Replication Processor] Event Queue Size: 5
2022-05-12 01:06:22,941  INFO [Replication Processor] Data not replicated because datasource: Xcenter is disabled. Replication trans id: -210940875316518940303572132636063390282038
2022-05-12 01:06:22,943  INFO [Replication Processor] Event Queue Size: 4
2022-05-12 01:06:22,943  INFO [Replication Processor] Data not replicated because datasource: Xcenter is disabled. Replication trans id: -210940875316518940303982132636063390282039
2022-05-12 01:06:22,945  INFO [Replication Processor] Event Queue Size: 3
2022-05-12 01:06:22,946  INFO [Replication Processor] Data not replicated because datasource: Xcenter is disabled. Replication trans id: 40176748616518940723372132636063390282078
2022-05-12 01:06:22,948  INFO [Replication Processor] Event Queue Size: 2
2022-05-12 01:06:22,948  INFO [Replication Processor] Data not replicated because datasource: Xcenter is disabled. Replication trans id: -30406017616518940724452132636063390282079
2022-05-12 01:06:22,950  INFO [Replication Processor] Event Queue Size: 1
2022-05-12 01:06:22,950  INFO [Replication Processor] Data not replicated because datasource: Xcenter is disabled. Replication trans id: 129133270216518940725732132636063390282080
2022-05-12 01:06:22,952  INFO [Replication Processor] Event Queue Size: 0
2022-05-12 01:06:22,952  INFO [Replication Processor] Data not replicated because datasource: Xcenter is disabled. Replication trans id: -126517094816518940733032132636063390282083
2022-05-12 01:07:22,624  INFO [Replication Processor] Event Queue Size: 0
2022-05-12 01:07:22,635  INFO [Replication Processor] Publishing 38 records to the event queue (StorePrimary->Xcenter).
2022-05-12 01:07:22,653  INFO [Replication Processor] Event Queue Size: 37
2022-05-12 01:07:22,654  INFO [Replication Processor] Data not replicated because datasource: Xcenter is disabled. Replication trans id: -15680002611651862019125-1879007427756352889
2022-05-12 01:07:22,660  INFO [Replication Processor] Event Queue Size: 36
2022-05-12 01:07:22,660  INFO [Replication Processor] Data not replicated because datasource: Xcenter is disabled. Replication trans id: 101707976016518620305488969736607301230037
2022-05-12 01:07:22,662  INFO [Replication Processor] Event Queue Size: 35
2022-05-12 01:07:22,663  INFO [Replication Processor] Data not replicated because datasource: Xcenter is disabled. Replication trans id: -15258971916518620306428969736607301230038
2022-05-12 01:07:22,665  INFO [Replication Processor] Event Queue Size: 34
2022-05-12 01:07:22,665  INFO [Replication Processor] Data not replicated because datasource: Xcenter is disabled. Replication trans id: -15258971916518620306538969736607301230039
2022-05-12 01:07:22,667  INFO [Replication Processor] Event Queue Size: 33
2022-05-12 01:07:22,668  INFO [Replication Processor] Data not replicated because datasource: Xcenter is disabled. Replication trans id: -52344378816518620446098969736607301230040
2022-05-12 01:07:22,670  INFO [Replication Processor] Event Queue Size: 32
2022-05-12 01:07:22,670  INFO [Replication Processor] Data not replicated because datasource: Xcenter is disabled. Replication trans id: -30406018216518620464538969736607301230041
2022-05-12 01:07:22,674  INFO [Replication Processor] Event Queue Size: 31
2022-05-12 01:07:22,674  INFO [Replication Processor] Data not replicated because datasource: Xcenter is disabled. Replication trans id: 129133269616518620464768969736607301230042
2022-05-12 01:07:22,677  INFO [Replication Processor] Event Queue Size: 30
2022-05-12 01:07:22,677  INFO [Replication Processor] Data not replicated because datasource: Xcenter is disabled. Replication trans id: 52942582916518620464898969736607301230043
2022-05-12 01:07:22,679  INFO [Replication Processor] Event Queue Size: 29
2022-05-12 01:07:22,679  INFO [Replication Processor] Data not replicated because datasource: Xcenter is disabled. Replication trans id: -124383121816518620466128969736607301230044
2022-05-12 01:07:22,681  INFO [Replication Processor] Event Queue Size: 28
2022-05-12 01:07:22,681  INFO [Replication Processor] Data not replicated because datasource: Xcenter is disabled. Replication trans id: -30406018116518620495918969736607301230045
2022-05-12 01:07:22,683  INFO [Replication Processor] Event Queue Size: 27
2022-05-12 01:07:22,684  INFO [Replication Processor] Data not replicated because datasource: Xcenter is disabled. Replication trans id: 129133269716518620496388969736607301230046
2022-05-12 01:07:22,686  INFO [Replication Processor] Event Queue Size: 26
2022-05-12 01:07:22,686  INFO [Replication Processor] Data not replicated because datasource: Xcenter is disabled. Replication trans id: -30406018016518620496528969736607301230047
2022-05-12 01:07:22,689  INFO [Replication Processor] Event Queue Size: 25
2022-05-12 01:07:22,690  INFO [Replication Processor] Data not replicated because datasource: Xcenter is disabled. Replication trans id: 129133269816518620496928969736607301230048
2022-05-12 01:07:22,692  INFO [Replication Processor] Event Queue Size: 24
2022-05-12 01:07:22,692  INFO [Replication Processor] Data not replicated because datasource: Xcenter is disabled. Replication trans id: -30406017916518620610078969736607301230049
2022-05-12 01:07:22,694  INFO [Replication Processor] Event Queue Size: 23
2022-05-12 01:07:22,694  INFO [Replication Processor] Data not replicated because datasource: Xcenter is disabled. Replication trans id: 129133269916518620610978969736607301230050
2022-05-12 01:07:22,697  INFO [Replication Processor] Event Queue Size: 22
2022-05-12 01:07:22,697  INFO [Replication Processor] Data not replicated because datasource: Xcenter is disabled. Replication trans id: 70504857416518620611118969736607301230051
2022-05-12 01:07:22,699  INFO [Replication Processor] Event Queue Size: 21
2022-05-12 01:07:22,699  INFO [Replication Processor] Data not replicated because datasource: Xcenter is disabled. Replication trans id: -30406017816518620611258969736607301230052
2022-05-12 01:07:22,701  INFO [Replication Processor] Event Queue Size: 20
2022-05-12 01:07:22,701  INFO [Replication Processor] Data not replicated because datasource: Xcenter is disabled. Replication trans id: 129133270016518620611328969736607301230053
2022-05-12 01:07:22,704  INFO [Replication Processor] Event Queue Size: 19
2022-05-12 01:07:22,704  INFO [Replication Processor] Data not replicated because datasource: Xcenter is disabled. Replication trans id: 28836642416518620611398969736607301230054
2022-05-12 01:07:22,706  INFO [Replication Processor] Event Queue Size: 18
2022-05-12 01:07:22,706  INFO [Replication Processor] Data not replicated because datasource: Xcenter is disabled. Replication trans id: 49140872216518620611828969736607301230055
2022-05-12 01:07:22,708  INFO [Replication Processor] Event Queue Size: 17
2022-05-12 01:07:22,709  INFO [Replication Processor] Data not replicated because datasource: Xcenter is disabled. Replication trans id: 10170797601651863601180-559790893617789870
2022-05-12 01:07:22,711  INFO [Replication Processor] Event Queue Size: 16
2022-05-12 01:07:22,711  INFO [Replication Processor] Data not replicated because datasource: Xcenter is disabled. Replication trans id: -1525897191651863601257-559790893617789869
2022-05-12 01:07:22,713  INFO [Replication Processor] Event Queue Size: 15
2022-05-12 01:07:22,713  INFO [Replication Processor] Data not replicated because datasource: Xcenter is disabled. Replication trans id: -1525897191651863601268-559790893617789868
2022-05-12 01:07:22,715  INFO [Replication Processor] Event Queue Size: 14
2022-05-12 01:07:22,715  INFO [Replication Processor] Data not replicated because datasource: Xcenter is disabled. Replication trans id: -4857361951651863614335-559790893617789867
2022-05-12 01:07:22,717  INFO [Replication Processor] Event Queue Size: 13
2022-05-12 01:07:22,717  INFO [Replication Processor] Data not replicated because datasource: Xcenter is disabled. Replication trans id: -3040601771651863614411-559790893617789866
2022-05-12 01:07:22,719  INFO [Replication Processor] Event Queue Size: 12
2022-05-12 01:07:22,719  INFO [Replication Processor] Data not replicated because datasource: Xcenter is disabled. Replication trans id: 12913327011651863614460-559790893617789865
2022-05-12 01:07:22,721  INFO [Replication Processor] Event Queue Size: 11
2022-05-12 01:07:22,721  INFO [Replication Processor] Data not replicated because datasource: Xcenter is disabled. Replication trans id: 5317804111651863614518-559790893617789862
2022-05-12 01:07:22,723  INFO [Replication Processor] Event Queue Size: 10
2022-05-12 01:07:22,723  INFO [Replication Processor] Data not replicated because datasource: Xcenter is disabled. Replication trans id: -1525897191651863624742-559790893617789861
2022-05-12 01:07:22,725  INFO [Replication Processor] Event Queue Size: 9
2022-05-12 01:07:22,726  INFO [Replication Processor] Data not replicated because datasource: Xcenter is disabled. Replication trans id: -15258971916518939217022132636063390281960
2022-05-12 01:07:22,728  INFO [Replication Processor] Event Queue Size: 8
2022-05-12 01:07:22,728  INFO [Replication Processor] Data not replicated because datasource: Xcenter is disabled. Replication trans id: 101707976016518939272842132636063390281961
2022-05-12 01:07:22,730  INFO [Replication Processor] Event Queue Size: 7
2022-05-12 01:07:22,730  INFO [Replication Processor] Data not replicated because datasource: Xcenter is disabled. Replication trans id: -15258971916518939273552132636063390281962
2022-05-12 01:07:22,732  INFO [Replication Processor] Event Queue Size: 6
2022-05-12 01:07:22,732  INFO [Replication Processor] Data not replicated because datasource: Xcenter is disabled. Replication trans id: -15258971916518939273632132636063390281963
2022-05-12 01:07:22,734  INFO [Replication Processor] Event Queue Size: 5
2022-05-12 01:07:22,734  INFO [Replication Processor] Data not replicated because datasource: Xcenter is disabled. Replication trans id: -210940875316518940303572132636063390282038
2022-05-12 01:07:22,736  INFO [Replication Processor] Event Queue Size: 4
2022-05-12 01:07:22,736  INFO [Replication Processor] Data not replicated because datasource: Xcenter is disabled. Replication trans id: -210940875316518940303982132636063390282039
2022-05-12 01:07:22,738  INFO [Replication Processor] Event Queue Size: 3
2022-05-12 01:07:22,738  INFO [Replication Processor] Data not replicated because datasource: Xcenter is disabled. Replication trans id: 40176748616518940723372132636063390282078
2022-05-12 01:07:22,739  INFO [Replication Processor] Event Queue Size: 2
2022-05-12 01:07:22,739  INFO [Replication Processor] Data not replicated because datasource: Xcenter is disabled. Replication trans id: -30406017616518940724452132636063390282079
2022-05-12 01:07:22,741  INFO [Replication Processor] Event Queue Size: 1
2022-05-12 01:07:22,741  INFO [Replication Processor] Data not replicated because datasource: Xcenter is disabled. Replication trans id: 129133270216518940725732132636063390282080
2022-05-12 01:07:22,743  INFO [Replication Processor] Event Queue Size: 0
2022-05-12 01:07:22,743  INFO [Replication Processor] Data not replicated because datasource: Xcenter is disabled. Replication trans id: -126517094816518940733032132636063390282083
